2021-05-11T19:46:05  *** ubnot2 <ubnot2!~limnoria@2607:fc88:100:2c::b17> has joined ##club-milehigh
2021-05-12T10:16:33  *** gingermouse <gingermouse!~g4vr0che@unaffiliated/g4vr0che> has joined ##club-milehigh
2021-05-12T10:16:39  *** jeans <jeans!~g4vr0che@unaffiliated/g4vr0che> has quit IRC (Read error: Connection reset by peer)
2021-05-12T10:16:49  *** gingermouse is now known as jeans
2021-05-12T18:45:21  *** NoDroid <NoDroid!uid278256@gateway/web/irccloud.com/x-maqfsmkpdwkevwkc> has quit IRC ()
2021-05-12T18:57:00  *** NoDroid <NoDroid!sid278256@gateway/web/irccloud.com/x-fktkmlojhtflpccc> has joined ##club-milehigh
2021-05-13T16:48:31  *** NoCode <NoCode!~NoCode@136.144.35.139> has joined ##club-milehigh
2021-05-13T20:24:29  *** NoCode <NoCode!~NoCode@unaffiliated/nocode> has quit IRC (Quit: Leaving)
2021-05-13T20:26:57  *** NoDroid <NoDroid!sid278256@gateway/web/irccloud.com/x-fktkmlojhtflpccc> has quit IRC ()
2021-05-13T22:36:13  *** NoCode <NoCode!~NoCode@136.144.35.139> has joined ##club-milehigh
2021-05-13T23:28:33  *** NoCode <NoCode!~NoCode@unaffiliated/nocode> has quit IRC (Quit: Leaving)
2021-05-14T16:09:26  *** NoCode <NoCode!~NoCode@136.144.35.139> has joined ##club-milehigh
2021-05-14T17:16:59  *** NoDroid <NoDroid!sid278256@gateway/web/irccloud.com/x-tihgsovaxqkiplfo> has joined ##club-milehigh
2021-05-14T18:23:19  *** NoCode <NoCode!~NoCode@unaffiliated/nocode> has quit IRC (Quit: Leaving)
2021-05-14T18:24:08  *** NoCode <NoCode!~NoCode@136.144.35.139> has joined ##club-milehigh
2021-05-14T18:32:28  *** UniCode <UniCode!~NoCode@136.144.35.169> has joined ##club-milehigh
2021-05-14T18:32:30  *** UniCode <UniCode!~NoCode@136.144.35.169> has quit IRC (Remote host closed the connection)
2021-05-14T18:32:48  *** UniCode <UniCode!~NoCode@136.144.35.169> has joined ##club-milehigh
2021-05-14T18:33:17  *** NoCode <NoCode!~NoCode@unaffiliated/nocode> has quit IRC (Disconnected by services)
2021-05-14T18:33:33  *** UniCode is now known as NoCode
2021-05-15T07:21:34  *** NoCode <NoCode!~NoCode@unaffiliated/nocode> has quit IRC (Quit: Leaving)
2021-05-16T20:16:21  *** NoCode <NoCode!~NoCode@136.144.35.169> has joined ##club-milehigh
2021-05-16T23:34:21  *** NoCode <NoCode!~NoCode@unaffiliated/nocode> has quit IRC (Quit: Leaving)
2021-05-16T23:37:03  *** NoDroid <NoDroid!sid278256@gateway/web/irccloud.com/x-tihgsovaxqkiplfo> has quit IRC ()
2021-05-16T23:38:49  *** NoDroid <NoDroid!sid278256@gateway/web/irccloud.com/x-sbcymycvgumirhcy> has joined ##club-milehigh
2021-05-17T01:00:06  *** NoCode <NoCode!~NoCode@136.144.35.116> has joined ##club-milehigh
2021-05-17T01:11:55  *** NoCode <NoCode!~NoCode@unaffiliated/nocode> has left ##club-milehigh ("Leaving")
2021-05-17T01:36:26  *** NoDroid <NoDroid!sid278256@gateway/web/irccloud.com/x-sbcymycvgumirhcy> has quit IRC ()
2021-05-17T01:36:56  *** NoDroid <NoDroid!sid278256@gateway/web/irccloud.com/x-udrpsmpxgbjyvkdt> has joined ##club-milehigh
2021-05-17T01:37:10  *** NoDroid <NoDroid!sid278256@gateway/web/irccloud.com/x-udrpsmpxgbjyvkdt> has quit IRC (Client Quit)
2021-05-17T05:19:11  *** NoDroid <NoDroid!sid278256@gateway/web/irccloud.com/x-jduebknvzjkufwax> has joined ##club-milehigh
2021-05-17T05:20:42  *** NoDroid is now known as asdf905
2021-05-17T05:26:37  *** asdf905 <asdf905!sid278256@gateway/web/irccloud.com/x-jduebknvzjkufwax> has quit IRC ()
2021-05-17T19:24:50  *** NoCode <NoCode!~NoCode@unaffiliated/nocode> has joined ##club-milehigh
2021-05-17T22:25:20  *** asdf905 <asdf905!sid278256@gateway/web/irccloud.com/x-uvuvvrukgrcbruvf> has joined ##club-milehigh
2021-05-17T22:27:13  *** asdf905 is now known as NoDroid
2021-05-18T00:23:47  *** NoCode <NoCode!~NoCode@unaffiliated/nocode> has quit IRC (Quit: Leaving)
2021-05-18T07:31:46  *** h00k <h00k!sid431420@gateway/web/irccloud.com/x-ajzoxfktqvcpnpvx> has quit IRC (Ping timeout: 260 seconds)
2021-05-18T07:38:04  *** h00k <h00k!sid431420@gateway/web/irccloud.com/x-uxhtxnjdynnfxryt> has joined ##club-milehigh
2021-05-18T15:23:12  *** NoCode <NoCode!~NoCode@unaffiliated/nocode> has joined ##club-milehigh
2021-05-18T15:25:53  *** NoCode <NoCode!~NoCode@unaffiliated/nocode> has quit IRC (Client Quit)
2021-05-18T16:29:01  *** NoCode <NoCode!~NoCode@unaffiliated/nocode> has joined ##club-milehigh
2021-05-18T16:38:31  *** NoCode <NoCode!~NoCode@unaffiliated/nocode> has quit IRC (Quit: Leaving)
2021-05-18T16:41:12  *** NoCode <NoCode!~NoCode@unaffiliated/nocode> has joined ##club-milehigh
2021-05-18T18:12:04  *** NoCode <NoCode!~NoCode@unaffiliated/nocode> has quit IRC (Quit: Leaving)
2021-05-18T20:37:07  *** NoCode <NoCode!~NoCode@unaffiliated/nocode> has joined ##club-milehigh
2021-05-18T20:44:30  *** NoDroid <NoDroid!sid278256@gateway/web/irccloud.com/x-uvuvvrukgrcbruvf> has quit IRC ()
2021-05-18T21:09:59  *** NoCode <NoCode!~NoCode@unaffiliated/nocode> has quit IRC (Quit: Leaving)
2021-05-18T21:50:17  *** NoCode <NoCode!~NoCode@unaffiliated/nocode> has joined ##club-milehigh
2021-05-18T21:58:18  *** NoCode <NoCode!~NoCode@unaffiliated/nocode> has quit IRC (Quit: Leaving)
2021-05-19T03:20:24  *** h00k <h00k!sid431420@gateway/web/irccloud.com/x-uxhtxnjdynnfxryt> has quit IRC (Ping timeout: 245 seconds)
2021-05-19T03:33:31  *** h00k <h00k!sid431420@gateway/web/irccloud.com/x-dceavjgvcdanywcx> has joined ##club-milehigh
2021-05-19T04:57:50  *** NoDroid <NoDroid!sid278256@gateway/web/irccloud.com/x-vmrbatmzeobyqpdy> has joined ##club-milehigh
2021-05-19T04:58:25  *** NoDroid <NoDroid!sid278256@gateway/web/irccloud.com/x-vmrbatmzeobyqpdy> has quit IRC (Client Quit)
