2021-05-11T11:59:31  *** ubnot2 <ubnot2!~limnoria@2607:fc88:100:2c::b17> has joined ##fosters
2021-05-11T12:06:06  <jeans> https://google.com
2021-05-11T12:06:07  <ubnot2> Title: Google (at google.com)
2021-05-11T12:06:07  <gavbot> Title: Google (at google.com)
2021-05-11T12:06:47  <jeans> https://docs.limnoria.net/use/plugins/Nickometer.html
2021-05-11T12:06:49  <ubnot2> Title: Nickometer — Limnoria's documentation (at docs.limnoria.net)
2021-05-11T12:06:49  <gavbot> Title: Nickometer Limnorias documentation (at docs.limnoria.net)
2021-05-11T12:07:35  <jeans> https://www.youtube.com/watch?v=4p0fRlCHYyg&t=554s
2021-05-11T12:08:27  <jeans> ubnotu: ubnot2 is <reply> RIP ubnotu. =(
2021-05-11T12:08:38  <jeans> ubnot2: ubnotu is <reply> RIP ubnotu. =(
2021-05-11T12:08:39  <ubnot2> jeans: Error: "ubnotu" is not a valid command.
2021-05-11T12:09:21  <jeans> ubnot2: learn ubnotu is <reply> RIP ubnotu. =(
2021-05-11T12:09:21  <ubnot2> jeans: The operation succeeded.
2021-05-11T12:09:28  <jeans> !ubnotu
2021-05-11T12:09:28  <gavbot> RIP ubnotu =(
2021-05-11T12:09:29  <ubnot2> jeans: <reply> RIP ubnotu. =(
2021-05-11T12:10:37  <jeans> ubnot2: ubnotu is <reply> RIP ubnotu. =(
2021-05-11T12:10:38  <ubnot2> jeans: The operation succeeded.
2021-05-11T12:10:49  <jeans> ubnot2: ubnotu
2021-05-11T12:10:50  <ubnot2> RIP ubnotu. =(
2021-05-11T12:14:59  <jeans> https://www.youtube.com/watch?v=4p0fRlCHYyg
2021-05-11T13:14:49  <jeans> https://www.youtube.com/watch?v=4p0fRlCHYyg
2021-05-11T13:18:40  <jeans> https://www.youtube.com/watch?v=4p0fRlCHYyg
2021-05-11T13:19:57  <jeans> https://www.youtube.com/watch?v=4p0fRlCHYyg
2021-05-11T13:20:13  <jeans> unload youtube
2021-05-11T13:20:32  <jeans> https://www.youtube.com/watch?v=4p0fRlCHYyg
2021-05-11T13:21:07  <jeans> https://www.youtube.com/watch?v=4p0fRlCHYyg
2021-05-11T13:38:38  <jeans> https://www.youtube.com/watch?v=4p0fRlCHYyg
2021-05-11T13:39:48  <jeans> https://www.youtube.com/watch?v=4p0fRlCHYyg
2021-05-11T13:41:45  <jeans> https://www.youtube.com/watch?v=4p0fRlCHYyg
2021-05-11T13:42:29  <jeans> https://www.youtube.com/watch?v=4p0fRlCHYyg
2021-05-11T13:42:30  <ubnot2> YouTube: Supersonic Planes are Coming Back (And This Time, They Might Work) - 0:21:18 - 1,263,411 views - user: Wendover Productions - date: 2021-05-05 10:51:23-06:00
2021-05-11T13:44:06  <jeans> https://www.youtube.com/watch?v=4p0fRlCHYyg
2021-05-11T13:44:37  <jeans> https://www.youtube.com/watch?v=4p0fRlCHYyg
2021-05-11T13:44:38  <ubnot2> YouTube: Supersonic Planes are Coming Back (And This Time, They Might Work) - 0:21:18 - 1,263,411 views - user: Wendover Productions - date: 2021-05-05
2021-05-11T13:47:22  <jeans> https://www.youtube.com/watch?v=4p0fRlCHYyg
2021-05-11T13:47:23  <ubnot2> YouTube: Supersonic Planes are Coming Back (And This Time, They Might Work) - length: 0:21:18 - 1,263,582 views - 39783 likes / 842 dislikes - by Wendover Productions on 2021-05-05
2021-05-11T13:52:37  <jeans> https://www.youtube.com/watch?v=4p0fRlCHYyg
2021-05-11T13:53:35  <jeans> https://www.youtube.com/watch?v=4p0fRlCHYyg
2021-05-11T13:53:36  <ubnot2> YouTube: Supersonic Planes are Coming Back (And This Time, They Might Work) - length: 0:21:18 - 1,263,821 views - 39794 likes / 842 dislikes - by Wendover Productions on 2021-05-05
2021-05-11T13:54:03  <jeans> https://www.youtube.com/watch?v=4p0fRlCHYyg
2021-05-11T13:54:04  <ubnot2> YouTube: Supersonic Planes are Coming Back (And This Time, They Might Work) - length: 21m18s - 1,263,821 views - 39796 likes / 842 dislikes - by Wendover Productions on 2021-05-05
2021-05-11T14:49:24  <jeans> !ubnot2
2021-05-11T14:49:24  <gavbot> Hi! I'm ##fosters's new favourite infobot.
2021-05-11T14:49:24  <ubnot2> jeans: Error: "ubnot2" is not a valid command.
2021-05-11T14:50:24  <jeans> ubnot2: ubnot2 is <reply> Hi! I'm $chan's new favourite infobot. 
2021-05-11T14:50:25  <ubnot2> jeans: The operation succeeded.
2021-05-11T14:50:29  <jeans> !ubnot2
2021-05-11T14:50:29  <gavbot> Hi! I'm ##fosters's new favourite infobot.
2021-05-11T14:50:29  <ubnot2> Hi! I'm $chan's new favourite infobot.
2021-05-11T14:50:41  <jeans> ubnot2: forget ubnot2
2021-05-11T14:50:42  <ubnot2> jeans: Error: "forget" is not a valid command.
2021-05-11T14:51:05  <jeans> ubnot2: remove ubnot2
2021-05-11T14:51:05  <ubnot2> jeans: Error: The command "remove" is available in the Aka, Alias, BadWords, Dunno, Herald, Lart, Later, MessageParser, MoobotFactoids, News, Praise, Quote, RSS, Scheduler, Success, Todo, and Topic plugins.  Please specify the plugin whose command you wish to call by using its name as a command before "remove".
2021-05-11T14:51:17  <jeans> ubnot2: moobotfactoids remove ubnot2
2021-05-11T14:51:17  <ubnot2> jeans: The operation succeeded.
2021-05-11T14:51:52  <jeans> ubnot2: ubnot2 is <reply> Hi! I'm the Club's new favourite infobot.
2021-05-11T14:51:53  <ubnot2> jeans: The operation succeeded.
2021-05-11T14:52:53  *** gavbot <gavbot!~gavbot@2607:fc88:100:2c::b17> has quit IRC (Remote host closed the connection)
2021-05-11T14:53:39  *** Anastasius <Anastasius!Anastasius@gateway/vpn/privateinternetaccess/anastasius> has joined ##fosters
2021-05-11T14:53:43  <jeans> \o
2021-05-11T14:53:49  <jeans> !ubnot2
2021-05-11T14:53:50  <ubnot2> Hi! I'm the Club's new favourite infobot.
2021-05-11T14:53:58  <Anastasius> Ha!
2021-05-11T14:54:14  <jeans> Most importantly:
2021-05-11T14:54:18  <jeans> https://www.youtube.com/watch?v=4p0fRlCHYyg
2021-05-11T14:54:19  <ubnot2> YouTube: Supersonic Planes are Coming Back (And This Time, They Might Work) - length: 21m18s - 1,266,443 views - 39864 likes / 844 dislikes - by Wendover Productions on 2021-05-05
2021-05-11T14:54:45  <Anastasius> Well that's a bonus.
2021-05-11T14:54:45  <jeans> Anastasius: ^
2021-05-11T14:54:50  <jeans> yeah
2021-05-11T14:55:09  <jeans> I can put it in the channels if you want. There are basically no factoids atm, because I don't have the factoid db
2021-05-11T14:55:17  <jeans> But they can be added back ib
2021-05-11T14:55:19  <jeans> *in
2021-05-11T14:55:50  <jeans> well, apart from
2021-05-11T14:55:54  <jeans> !ubnotu
2021-05-11T14:55:55  <ubnot2> RIP ubnotu. =(
2021-05-11T14:56:15  <jeans> Hmm
2021-05-11T14:56:25  <jeans> !ubnot2 | jeans
2021-05-11T14:56:26  <ubnot2> jeans: Error: "ubnot2" is not a valid command.
2021-05-11T14:56:43  <jeans> oh, and yeah I guess some stuff is a bit different because Python2 vs 3
2021-05-11T14:56:47  <Anastasius> Yeah, I've been trying to get my hands on the factoid database for years.
2021-05-11T14:57:09  <jeans> The good news is that there's no more Ubuntu-related ones in there
2021-05-11T14:57:16  <Anastasius> :D
2021-05-11T14:57:34  <jeans> ubnot2: elky is <reply> We don't talk about elky
2021-05-11T14:57:35  <ubnot2> jeans: The operation succeeded.
2021-05-11T14:57:38  <jeans> !elky
2021-05-11T14:57:39  <ubnot2> We don't talk about !@#&
2021-05-11T14:58:00  <jeans> (It auto-censors her name
2021-05-11T14:59:20  <jeans> Anastasius: So, what do you think?
2021-05-11T14:59:48  <Anastasius> I'd be careful about putting it in c-n, but c-c is always fine.
2021-05-11T15:00:12  <Anastasius> You know, especially with the factoid about she who shall not be named.
2021-05-11T15:00:18  <jeans> Well, I can't put it in c-c
2021-05-11T15:00:28  <Anastasius> Oh, right.
2021-05-11T15:00:37  <jeans> ubnot2: moobotfactoids remove elky
2021-05-11T15:00:37  <ubnot2> jeans: The operation succeeded.
2021-05-11T15:00:45  <jeans> That was mostly to demonstrate lol
2021-05-11T15:00:45  <Anastasius> I can arrange that, just gotta talk it over with Lando first.
2021-05-11T15:09:42  <jeans> !ubnot2
2021-05-11T15:09:42  <ubnot2> jeans: Error: "ubnot2" is not a valid command.
2021-05-11T15:10:41  <Anastasius> Mind if I park here?
2021-05-11T15:13:45  <jeans> Sure
2021-05-11T15:13:51  <jeans> Anastasius: ^
2021-05-11T15:13:59  <jeans> !ubnot2
2021-05-11T15:13:59  <ubnot2> jeans: Error: "ubnot2" is not a valid command.
2021-05-11T15:25:02  *** ubnot2 <ubnot2!~limnoria@2607:fc88:100:2c::b17> has joined ##fosters
2021-05-11T15:25:15  <jeans> !ubnot2
2021-05-11T15:25:15  <ubnot2> jeans: Error: "ubnot2" is not a valid command.
2021-05-11T15:25:50  <jeans> !ubnot2
2021-05-11T15:31:02  <jeans> !ubnot2
2021-05-11T15:31:23  <jeans> !ubnot2
2021-05-11T15:33:41  <jeans> !ubnot2
2021-05-11T15:33:47  <jeans> !ubnot2
2021-05-11T15:37:01  *** Anastasius <Anastasius!Anastasius@gateway/vpn/privateinternetaccess/anastasius> has joined ##fosters
2021-05-11T16:11:30  *** ubnot2 <ubnot2!~limnoria@2607:fc88:100:2c::b17> has joined ##fosters
2021-05-11T16:12:54  <jeans> !ubnot2
2021-05-11T16:13:08  <jeans> !ubnot2
2021-05-11T16:13:09  <ubnot2> Hi! I'm the Club's new favourite infobot.
2021-05-11T16:14:53  <jeans> @ferengi
2021-05-11T16:15:05  <jeans> @ferengi
2021-05-11T16:36:15  <jeans> @ferengi
2021-05-11T16:36:28  <jeans> @ferengi
2021-05-11T16:36:33  <Anastasius> NO FERENGI
2021-05-11T16:37:55  <jeans> @ferengi
2021-05-11T16:38:00  <jeans> lol
2021-05-11T16:38:07  <jeans> ubnot2: ferengi
2021-05-11T16:38:19  <jeans> ubnot2: ubnottu
2021-05-11T16:38:20  <ubnot2> jeans: Error: "ubnottu" is not a valid command.
2021-05-11T16:38:23  <jeans> ubnot2: ubnotu
2021-05-11T16:38:24  <ubnot2> RIP ubnotu. =(
2021-05-11T16:51:20  <jeans> @ferengi
2021-05-11T16:51:36  <jeans> ubnot2: ferengi
2021-05-11T17:02:36  <jeans> @42
2021-05-11T17:05:13  <jeans> bauer
2021-05-11T17:12:27  *** ubnot2 <ubnot2!~limnoria@2607:fc88:100:2c::b17> has joined ##fosters
2021-05-11T17:12:37  <jeans> @42
2021-05-11T17:12:37  <ubnot2> jeans: This must be Thursday, I never could get the hang of Thursdays
2021-05-11T17:12:43  <jeans> @ferengi
2021-05-11T17:12:43  <ubnot2> jeans: Ferengi rule of acquisition 57: Good customers are as rare as latinum — treasure them.
2021-05-11T17:13:12  <jeans> Anastasius: ^ (ᐛ)
2021-05-11T17:17:37  <jeans> @ferengi
2021-05-11T17:17:37  <ubnot2> jeans: Ferengi rule of acquisition 285: No good deed ever goes unpunished.
2021-05-11T17:17:48  <Anastasius> @ferengi
2021-05-11T17:17:48  <ubnot2> Anastasius: Ferengi rule of acquisition 74: Knowledge equals profit.
2021-05-11T17:17:56  <jeans> @42
2021-05-11T17:17:56  <ubnot2> jeans: The point is that I am now a perfectly safe penguin
2021-05-11T17:18:21  <jeans> @fortune
2021-05-11T17:18:22  <ubnot2> jeans: Q:	How many IBM 370's does it take to execute a job?
2021-05-11T17:18:24  <ubnot2> jeans: A:	Four, three to hold it down, and one to rip its head off.
2021-05-11T17:18:38  <jeans> @futurama
2021-05-11T17:18:39  <ubnot2> jeans: An error has occurred and has been logged. Please contact this bot's administrator for more information.
2021-05-11T17:18:40  <Anastasius> @8ball yes?
2021-05-11T17:18:50  <jeans> @8ball
2021-05-11T17:18:51  <ubnot2> jeans: Yes
2021-05-11T17:19:54  <Anastasius> Shower time was good.
2021-05-11T17:20:15  <jeans> Good
2021-05-11T17:20:18  <jeans> @pony
2021-05-11T17:20:18  <ubnot2> jeans: No you can't have a pony, jeans!
2021-05-11T17:20:35  <jeans> @pony Anastasius 
2021-05-11T17:20:35  <ubnot2> jeans: No Anastasius can't have a pony, jeans!
2021-05-11T17:22:08  <Anastasius> Ponies shit too much.
2021-05-11T17:22:22  <jeans> @hoers Anastasius 
2021-05-11T17:22:23  <ubnot2> jeans: No they can't... OK fine, Anastasius can have a hoers jeans!
2021-05-11T17:34:06  <jeans> Anastasius: 
2021-05-11T17:34:17  <jeans> @8ball Do we have a proper 8ball now?
2021-05-11T17:34:17  <ubnot2> jeans: Let's hope not
2021-05-11T17:34:18  <Anastasius> Hmm?
2021-05-11T17:34:23  <jeans> ^
2021-05-11T17:34:31  <jeans> lol
2021-05-11T17:34:35  <Anastasius> @8ball Is this thing on?
2021-05-11T17:34:35  <ubnot2> Anastasius: Ask again later
2021-05-11T17:34:41  <Anastasius> xD
2021-05-11T17:36:18  <jeans> @8ball how about now?
2021-05-11T17:36:18  <ubnot2> jeans: Are you kidding me?
2021-05-11T17:36:22  <jeans> rood
2021-05-11T17:36:40  <jeans> @roulette
2021-05-11T17:36:40  <ubnot2> jeans: *click*
2021-05-11T17:36:51  <Anastasius> @roulette
2021-05-11T17:36:51  <ubnot2> Anastasius: *click*
2021-05-11T17:36:52  <jeans> help roulette
2021-05-11T17:36:56  <jeans> err
2021-05-11T17:36:59  <jeans> @help roulette
2021-05-11T17:36:59  <ubnot2> jeans: (roulette [spin]) -- Fires the revolver. If the bullet was in the chamber, you're dead. Tell me to spin the chambers and I will. 
2021-05-11T17:37:09  <Anastasius> @roulette
2021-05-11T17:37:09  <ubnot2> Anastasius: *click*
2021-05-11T17:37:11  <Anastasius> @roulette
2021-05-11T17:37:11  <ubnot2> Anastasius: *click*
2021-05-11T17:37:13  <Anastasius> @roulette
2021-05-11T17:37:13  <ubnot2> Anastasius: *click*
2021-05-11T17:37:15  <Anastasius> @roulette
2021-05-11T17:37:15  <ubnot2> *BANG* Hey, who put a blank in here?!
2021-05-11T17:37:16  * ubnot2 reloads and spins the chambers.
2021-05-11T17:37:23  <Anastasius> There we go.
2021-05-11T17:38:33  <Anastasius> tcoppi has said he's in the process of updating ubnotu but it will take awhile.
2021-05-11T17:38:44  <jeans> Yeah, that's not gonna happen
2021-05-11T17:38:44  <Anastasius> Good to have a backup though.
2021-05-11T17:39:13  <jeans> The original factoid system uses python2. Which is unsupported. And it uses sqlite2, which doesn't exist
2021-05-11T17:39:15  <Anastasius> Do you have an account name for the thing so I can allow it in? 
2021-05-11T17:39:35  <jeans> Can you allow it in based on the nick?
2021-05-11T17:39:41  <jeans> I don't have an account for it yet
2021-05-11T17:40:40  <Anastasius> Probably, let me check.
2021-05-11T17:41:00  <jeans> Should be able to add ubnot2!~limnoria@2607:fc88:100:2c::b17
2021-05-11T17:46:23  *** ubnot2 <ubnot2!~limnoria@2607:fc88:100:2c::b17> has joined ##fosters
2021-05-11T17:46:30  <jeans> Anastasius: Account is just ubnot2
2021-05-11T17:47:47  <Anastasius> Should be able to get into c-c now, lemme know if not.
2021-05-11T17:48:20  <jeans> Says it was not invited
2021-05-11T17:51:13  <jeans> Anastasius: On the bright side, I can say with a good degree of certainty that the issue with ubnotu is not related to serverops
2021-05-11T17:53:04  <Anastasius> Yeah, I gathered.
2021-05-11T17:54:32  <jeans> Ubottu is so incredibly outdated and unmaintained I'm surprised Ubuntu hasn't given up on it
2021-05-11T17:54:47  <jeans> And ubnotu was just a literal fork of that, so
2021-05-11T17:56:44  <Anastasius> Yes.
2021-05-11T17:56:49  <Anastasius> To all points.
2021-05-11T17:57:23  <jeans> This is running on a version of the bot base which is only a month old and all of the code running on it is Python3.9, so very modern
2021-05-11T18:01:01  <jeans> Anastasius: Oh yeah, the youtube previews might break if we send it more than 10k youtube videos in a day
2021-05-11T18:03:13  *** ubnot2 <ubnot2!~limnoria@2607:fc88:100:2c::b17> has joined ##fosters
2021-05-11T18:04:06  <jeans> Anastasius: The bot is again saying it's not invited =\
2021-05-11T18:06:11  <Anastasius> I'll work on it.
2021-05-11T19:02:40  <jeans> pftf
2021-05-11T19:02:48  <jeans> s/tf/ft/
2021-05-11T19:02:48  <ubnot2> jeans: Error: builtins.OSError: [Errno 5] Input/output error
2021-05-11T19:02:53  <jeans> >_>
2021-05-11T19:45:40  <jeans> Anastasius: He sure is good at making me feel worthless
2021-05-11T23:12:07  *** Anastasius <Anastasius!Anastasius@gateway/vpn/privateinternetaccess/anastasius> has quit IRC (Ping timeout: 252 seconds)
2021-05-11T23:16:32  *** Anastasius <Anastasius!Anastasius@gateway/vpn/privateinternetaccess/anastasius> has joined ##fosters
2021-05-11T23:30:11  *** Anastasius <Anastasius!Anastasius@gateway/vpn/privateinternetaccess/anastasius> has quit IRC (Ping timeout: 240 seconds)
2021-05-11T23:50:27  *** Anastasius <Anastasius!Anastasius@gateway/vpn/privateinternetaccess/anastasius> has joined ##fosters
2021-05-12T10:16:33  *** gingermouse <gingermouse!~g4vr0che@unaffiliated/g4vr0che> has joined ##fosters
2021-05-12T10:16:39  *** jeans <jeans!~g4vr0che@unaffiliated/g4vr0che> has quit IRC (Read error: Connection reset by peer)
2021-05-12T10:16:49  *** gingermouse is now known as jeans
2021-05-12T15:01:45  *** Anastasius <Anastasius!Anastasius@gateway/vpn/privateinternetaccess/anastasius> has quit IRC (Quit: YOU! WHAT PLANET IS THIS?!)
2021-05-12T15:03:21  *** Anastasius <Anastasius!Anastasius@gateway/vpn/privateinternetaccess/anastasius> has joined ##fosters
2021-05-12T15:41:29  <Anastasius> jeans: Who?
2021-05-12T15:42:11  <jeans> Anastasius: NoCode
2021-05-12T15:42:23  <Anastasius> Oh, yeah.
2021-05-13T16:59:17  *** Anastasius <Anastasius!Anastasius@gateway/vpn/privateinternetaccess/anastasius> has quit IRC (Quit: YOU! WHAT PLANET IS THIS?!)
2021-05-13T16:59:57  *** Anastasius <Anastasius!Anastasius@gateway/vpn/privateinternetaccess/anastasius> has joined ##fosters
2021-05-13T23:54:40  *** Anastasius <Anastasius!Anastasius@gateway/vpn/privateinternetaccess/anastasius> has quit IRC (Read error: Connection reset by peer)
2021-05-13T23:55:54  *** Anastasius <Anastasius!Anastasius@gateway/vpn/privateinternetaccess/anastasius> has joined ##fosters
2021-05-14T00:10:59  *** Anastasius <Anastasius!Anastasius@gateway/vpn/privateinternetaccess/anastasius> has quit IRC (Quit: YOU! WHAT PLANET IS THIS?!)
2021-05-14T00:11:15  *** Anastasius <Anastasius!Anastasius@gateway/vpn/privateinternetaccess/anastasius> has joined ##fosters
2021-05-14T00:30:32  *** Anastasius <Anastasius!Anastasius@gateway/vpn/privateinternetaccess/anastasius> has quit IRC (Ping timeout: 252 seconds)
2021-05-14T00:41:57  *** Anastasius <Anastasius!Anastasius@gateway/vpn/privateinternetaccess/anastasius> has joined ##fosters
2021-05-15T13:51:37  *** Anastasius <Anastasius!Anastasius@gateway/vpn/privateinternetaccess/anastasius> has quit IRC (Quit: You! What planet is this?!)
2021-05-15T13:52:12  *** Anastasius <Anastasius!Anastasius@gateway/vpn/privateinternetaccess/anastasius> has joined ##fosters
2021-05-15T13:52:34  *** Anastasius <Anastasius!Anastasius@gateway/vpn/privateinternetaccess/anastasius> has quit IRC (Client Quit)
2021-05-15T13:53:11  *** Anastasius <Anastasius!Anastasius@gateway/vpn/privateinternetaccess/anastasius> has joined ##fosters
2021-05-15T16:20:03  *** Anastasius <Anastasius!Anastasius@gateway/vpn/privateinternetaccess/anastasius> has quit IRC (Quit: You! What planet is this?!)
2021-05-15T16:20:52  *** Anastasius <Anastasius!Anastasius@gateway/vpn/privateinternetaccess/anastasius> has joined ##fosters
2021-05-16T15:42:50  *** Anastasius <Anastasius!Anastasius@gateway/vpn/privateinternetaccess/anastasius> has quit IRC (Quit: You! What planet is this?!)
2021-05-16T15:43:35  *** Anastasius <Anastasius!Anastasius@gateway/vpn/privateinternetaccess/anastasius> has joined ##fosters
2021-05-16T18:17:26  *** Anastasius <Anastasius!Anastasius@gateway/vpn/privateinternetaccess/anastasius> has quit IRC (Read error: Connection reset by peer)
2021-05-16T18:17:57  *** Anastasius <Anastasius!Anastasius@gateway/vpn/privateinternetaccess/anastasius> has joined ##fosters
2021-05-17T10:11:35  *** Anastasius <Anastasius!Anastasius@gateway/vpn/privateinternetaccess/anastasius> has quit IRC (Ping timeout: 246 seconds)
2021-05-17T10:16:37  *** Anastasius <Anastasius!Anastasius@gateway/vpn/privateinternetaccess/anastasius> has joined ##fosters
2021-05-17T12:55:03  *** Anastasius_ <Anastasius_!Anastasius@gateway/vpn/privateinternetaccess/anastasius> has joined ##fosters
2021-05-17T12:57:05  *** Anastasius <Anastasius!Anastasius@gateway/vpn/privateinternetaccess/anastasius> has quit IRC (Ping timeout: 265 seconds)
2021-05-17T14:17:17  *** Anastasius_ <Anastasius_!Anastasius@gateway/vpn/privateinternetaccess/anastasius> has quit IRC (Quit: You! What planet is this?!)
2021-05-17T14:17:36  *** Anastasius <Anastasius!Anastasius@gateway/vpn/privateinternetaccess/anastasius> has joined ##fosters
2021-05-18T07:38:39  *** kitten <kitten!sid3691@defocus/regular/crazycatlady> has quit IRC (Ping timeout: 250 seconds)
2021-05-18T07:41:53  *** kitten <kitten!sid3691@defocus/regular/crazycatlady> has joined ##fosters
2021-05-19T00:39:01  <jeans> Anastasius: Ugh, m00se sometimes
2021-05-19T03:23:19  *** kitten <kitten!sid3691@defocus/regular/crazycatlady> has quit IRC (Ping timeout: 245 seconds)
2021-05-19T03:34:45  *** kitten <kitten!sid3691@defocus/regular/crazycatlady> has joined ##fosters
