2021-05-19T15:34:44  *** ubnot2 <ubnot2!~limnoria@user/gav> has joined ##fosters
2021-05-19T15:34:44  *** ChanServ <ChanServ!ChanServ@services.libera.chat> has left ##fosters
2021-05-19T17:45:16  *** ubnot2` <ubnot2`!~limnoria@user/gav> has joined ##fosters
2021-05-19T17:45:16  *** ubnot2 <ubnot2!~limnoria@user/gav> has quit IRC (Killed (NickServ (GHOST command used by ubnot2`)))
2021-05-19T17:45:16  *** ubnot2` is now known as ubnot2
2021-05-19T21:13:56  *** OneM_Industries <OneM_Industries!~OneM_Indu@45.130.83.165> has joined ##fosters
2021-05-19T21:14:02  <OneM_Industries> o/
2021-05-19T21:14:22  <OneM_Industries> Need to figure out how to set up the ZNC again, been....a few years.
2021-05-19T21:14:48  <gav> ohai
2021-05-19T21:14:58  <gav> OneM_Industries: donotspellitgav.in:1776
2021-05-19T21:15:06  <gav> Should get you the webinterface
2021-05-19T21:15:12  <gav> Err
2021-05-19T21:15:22  <gav> https://donotspellitgav.in:1776
2021-05-19T21:15:23  <ubnot2> Title: ZNC - Web Frontend (at donotspellitgav.in:1776)
2021-05-19T21:15:41  *** ChanServ sets mode: +o gav
2021-05-19T21:17:09  *** ChanServ changes topic to "I will always miss you Jake. 16 Nov 1998 - 1 Jun 2016"
2021-05-19T21:17:16  *** gav sets mode: -o gav
2021-05-19T21:18:58  *** ChanServ <ChanServ!ChanServ@services.libera.chat> has joined ##fosters
2021-05-19T21:18:58  *** services. sets mode: +o ChanServ
2021-05-19T21:31:19  *** OneM_Industries <OneM_Industries!~OneM_Indu@45.130.83.165> has quit IRC (Quit: Giant storm incoming, power failure imminent.)
2021-05-19T21:31:29  *** OneM_Ind- <OneM_Ind-!~OneM@donotspellitgav.in> has joined ##fosters
2021-05-19T21:31:36  *** OneM_Ind- is now known as OneM_Industries
2021-05-19T22:16:23  <gav> !okboomer
2021-05-19T22:16:24  <ubnot2> https://www.gocomics.com/calvinandhobbes/1995/11/30
2021-05-20T00:12:51  *** ubnot2 <ubnot2!~limnoria@user/gav> has joined ##fosters
2021-05-20T00:13:00  *** OneM_Industries <OneM_Industries!~OneM@donotspellitgav.in> has joined ##fosters
2021-05-20T00:18:38  *** OneM_Industries <OneM_Industries!~OneM@donotspellitgav.in> has quit IRC (*.net *.split)
2021-05-20T00:19:04  *** OneM_Industries <OneM_Industries!~OneM@donotspellitgav.in> has joined ##fosters
2021-05-22T03:08:16  *** ubnot2` <ubnot2`!~limnoria@user/gav> has joined ##fosters
2021-05-22T03:08:16  *** ubnot2 <ubnot2!~limnoria@user/gav> has quit IRC (Killed (NickServ (GHOST command used by ubnot2`)))
2021-05-22T03:08:17  *** ubnot2` is now known as ubnot2
2021-05-22T10:33:32  *** ubnot2` <ubnot2`!~limnoria@user/gav> has joined ##fosters
2021-05-22T10:33:32  *** ubnot2 <ubnot2!~limnoria@user/gav> has quit IRC (Killed (NickServ (GHOST command used by ubnot2`)))
2021-05-22T10:33:32  *** ubnot2` is now known as ubnot2
2021-05-22T10:47:36  *** ubnot2` <ubnot2`!~limnoria@user/gav> has joined ##fosters
2021-05-22T10:47:36  *** ubnot2 <ubnot2!~limnoria@user/gav> has quit IRC (Killed (NickServ (GHOST command used by ubnot2`)))
2021-05-22T10:47:36  *** ubnot2` is now known as ubnot2
2021-05-22T11:53:46  *** ubnot2` <ubnot2`!~limnoria@user/gav> has joined ##fosters
2021-05-22T11:53:46  *** ubnot2 <ubnot2!~limnoria@user/gav> has quit IRC (Killed (NickServ (GHOST command used by ubnot2`)))
2021-05-22T11:53:47  *** ubnot2` is now known as ubnot2
2021-05-23T03:02:17  *** gav <gav!~gingermou@user/gav> has quit IRC (*.net *.split)
2021-05-23T03:07:43  *** gav <gav!~gingermou@user/gav> has joined ##fosters
2021-05-23T03:13:40  *** gav <gav!~gingermou@user/gav> has quit IRC (*.net *.split)
2021-05-23T03:19:46  *** gav <gav!~gingermou@user/gav> has joined ##fosters
2021-05-24T13:53:36  *** ubnot2` <ubnot2`!~limnoria@user/gav> has joined ##fosters
2021-05-24T13:53:46  *** ubnot2` is now known as ubnot2
2021-05-24T18:22:36  *** OneM_Ind- <OneM_Ind-!~OneM@donotspellitgav.in> has joined ##fosters
2021-05-24T18:24:05  *** OneM_Industries <OneM_Industries!~OneM@donotspellitgav.in> has quit IRC (Ping timeout: 264 seconds)
2021-05-24T18:24:05  *** OneM_Ind- is now known as OneM_Industries
2021-05-25T02:22:23  *** gav <gav!~gingermou@user/gav> has quit IRC (*.net *.split)
2021-05-25T02:22:28  *** OneM_Industries <OneM_Industries!~OneM@donotspellitgav.in> has quit IRC (*.net *.split)
2021-05-25T02:22:28  *** ChanServ <ChanServ!ChanServ@services.libera.chat> has quit IRC (*.net *.split)
2021-05-25T02:27:59  *** OneM_Industries <OneM_Industries!~OneM@donotspellitgav.in> has joined ##fosters
2021-05-25T02:27:59  *** gav <gav!~gingermou@user/gav> has joined ##fosters
2021-05-25T02:27:59  *** ChanServ <ChanServ!ChanServ@services.libera.chat> has joined ##fosters
2021-05-25T02:27:59  *** tungsten.libera.chat sets mode: +o ChanServ
2021-05-26T13:59:36  *** ubnot2 <ubnot2!~limnoria@user/gav> has joined ##fosters
2021-05-27T02:46:26  *** polprog <polprog!~ath0@user/polprog> has joined ##fosters
2021-05-27T02:46:33  <polprog> o/
2021-05-27T02:46:42  <gav> !thelist | polprog 
2021-05-27T02:46:43  <ubnot2> polprog: You are now on The List.
2021-05-27T02:46:46  <gav> =D
2021-05-27T02:46:47  <polprog> oh no
2021-05-27T03:42:21  <gav> polprog: this is the same bot I wrote this plugin for (not the video): https://youtu.be/9mE9wtA-AXA
2021-05-27T03:42:22  <ubnot2> YouTube: Final Trip Down the I-70 Viaduct in Denver - length: 04m01s - 22 views - 3 likes / 0 dislikes - by Gaven Nolastname on 2021-05-22
2021-05-27T03:42:44  <polprog> neat
2021-06-01T18:13:22  *** gav <gav!~gingermou@user/gav> has quit IRC (Quit: Bye)
2021-06-01T18:13:34  *** gav <gav!~gingermou@user/gav> has joined ##fosters
