2021-05-19T15:34:44  *** ubnot2 <ubnot2!~limnoria@user/gav> has joined ##club-milehigh
2021-05-19T15:34:44  *** ChanServ <ChanServ!ChanServ@services.libera.chat> has left ##club-milehigh
2021-05-19T17:45:16  *** ubnot2` <ubnot2`!~limnoria@user/gav> has joined ##club-milehigh
2021-05-19T17:45:16  *** ubnot2 <ubnot2!~limnoria@user/gav> has quit IRC (Killed (NickServ (GHOST command used by ubnot2`)))
2021-05-19T17:45:16  *** ubnot2` is now known as ubnot2
2021-05-19T17:58:35  *** NoCode <NoCode!~NoCode@user/nocode> has joined ##club-milehigh
2021-05-19T23:49:22  *** NoCode <NoCode!~NoCode@user/nocode> has quit IRC (Quit: Leaving)
2021-05-19T23:55:52  *** NoCode <NoCode!~NoCode@user/nocode> has joined ##club-milehigh
2021-05-20T00:12:51  *** ubnot2 <ubnot2!~limnoria@user/gav> has joined ##club-milehigh
2021-05-20T00:18:39  *** NoCode <NoCode!~NoCode@user/nocode> has quit IRC (*.net *.split)
2021-05-20T00:42:22  *** NoCode <NoCode!~NoCode@user/nocode> has joined ##club-milehigh
2021-05-20T02:34:52  *** NoCode <NoCode!~NoCode@user/nocode> has quit IRC (Quit: Leaving)
2021-05-20T16:58:23  *** NoCode <NoCode!~NoCode@user/nocode> has joined ##club-milehigh
2021-05-21T11:11:26  *** UniCode <UniCode!~NoCode@user/nocode> has joined ##club-milehigh
2021-05-21T11:20:06  *** NoCode <NoCode!~NoCode@user/nocode> has quit IRC (*.net *.split)
2021-05-21T18:34:40  *** NoDroid <NoDroid!sid278256@user/nocode> has joined ##club-milehigh
2021-05-21T19:25:10  *** NoCode <NoCode!~NoCode@user/nocode> has joined ##club-milehigh
2021-05-21T19:29:00  *** UniCode <UniCode!~NoCode@user/nocode> has quit IRC (Ping timeout: 265 seconds)
2021-05-21T20:08:11  *** UniCode <UniCode!~NoCode@user/nocode> has joined ##club-milehigh
2021-05-21T20:12:18  *** NoCode <NoCode!~NoCode@user/nocode> has quit IRC (Ping timeout: 264 seconds)
2021-05-22T03:08:16  *** ubnot2` <ubnot2`!~limnoria@user/gav> has joined ##club-milehigh
2021-05-22T03:08:16  *** ubnot2 <ubnot2!~limnoria@user/gav> has quit IRC (Killed (NickServ (GHOST command used by ubnot2`)))
2021-05-22T03:08:17  *** ubnot2` is now known as ubnot2
2021-05-22T10:33:32  *** ubnot2` <ubnot2`!~limnoria@user/gav> has joined ##club-milehigh
2021-05-22T10:33:32  *** ubnot2 <ubnot2!~limnoria@user/gav> has quit IRC (Killed (NickServ (GHOST command used by ubnot2`)))
2021-05-22T10:33:32  *** ubnot2` is now known as ubnot2
2021-05-22T10:33:56  *** NoCode_ <NoCode_!~NoCode@user/nocode> has joined ##club-milehigh
2021-05-22T10:41:18  *** UniCode <UniCode!~NoCode@user/nocode> has quit IRC (*.net *.split)
2021-05-22T10:47:36  *** ubnot2` <ubnot2`!~limnoria@user/gav> has joined ##club-milehigh
2021-05-22T10:47:36  *** ubnot2 <ubnot2!~limnoria@user/gav> has quit IRC (Killed (NickServ (GHOST command used by ubnot2`)))
2021-05-22T10:47:36  *** ubnot2` is now known as ubnot2
2021-05-22T11:11:44  *** NoCode_ is now known as NoCode
2021-05-22T11:13:54  *** NoCode is now known as NoLogica
2021-05-22T11:14:13  *** NoLogica is now known as NoCode
2021-05-22T11:41:28  *** UniCode <UniCode!~NoCode@user/nocode> has joined ##club-milehigh
2021-05-22T11:43:13  *** NoCode_ <NoCode_!~NoCode@user/nocode> has joined ##club-milehigh
2021-05-22T11:53:46  *** ubnot2` <ubnot2`!~limnoria@user/gav> has joined ##club-milehigh
2021-05-22T11:53:46  *** ubnot2 <ubnot2!~limnoria@user/gav> has quit IRC (Killed (NickServ (GHOST command used by ubnot2`)))
2021-05-22T11:53:47  *** ubnot2` is now known as ubnot2
2021-05-22T11:57:48  *** 003AAAO51 <003AAAO51!~NoCode@2.57.169.226> has joined ##club-milehigh
2021-05-22T12:01:09  *** NoCode_ <NoCode_!~NoCode@user/nocode> has quit IRC (Ping timeout: 264 seconds)
2021-05-22T12:10:44  *** UniCode <UniCode!~NoCode@user/nocode> has joined ##club-milehigh
2021-05-22T12:19:24  *** 003AAAO51 <003AAAO51!~NoCode@user/nocode> has quit IRC (Ping timeout: 264 seconds)
2021-05-22T16:00:49  *** UniCode <UniCode!~NoCode@user/nocode> has quit IRC (Quit: Ping timeout: Over 5 bazillion nanoseconds)
2021-05-22T16:27:00  *** NoCode <NoCode!~NoCode@user/nocode> has joined ##club-milehigh
2021-05-22T22:25:18  *** UniCode <UniCode!~NoCode@user/nocode> has joined ##club-milehigh
2021-05-22T22:27:35  *** NoCode <NoCode!~NoCode@user/nocode> has quit IRC (Ping timeout: 244 seconds)
2021-05-22T22:34:30  *** NoCode_ <NoCode_!~NoCode@user/nocode> has joined ##club-milehigh
2021-05-22T22:38:34  *** UniCode <UniCode!~NoCode@user/nocode> has quit IRC (Ping timeout: 264 seconds)
2021-05-23T03:02:17  *** gav <gav!~gingermou@user/gav> has quit IRC (*.net *.split)
2021-05-23T03:07:43  *** gav <gav!~gingermou@user/gav> has joined ##club-milehigh
2021-05-23T03:13:40  *** gav <gav!~gingermou@user/gav> has quit IRC (*.net *.split)
2021-05-23T03:19:46  *** gav <gav!~gingermou@user/gav> has joined ##club-milehigh
2021-05-24T02:37:31  *** NoCode <NoCode!~NoCode@user/nocode> has joined ##club-milehigh
2021-05-24T02:40:22  *** NoCode_ <NoCode_!~NoCode@user/nocode> has quit IRC (Ping timeout: 264 seconds)
2021-05-24T10:04:34  *** UniCode <UniCode!~NoCode@user/nocode> has joined ##club-milehigh
2021-05-24T10:05:37  *** UniCode <UniCode!~NoCode@user/nocode> has quit IRC (Client Quit)
2021-05-24T10:06:14  *** UniCode <UniCode!~NoCode@user/nocode> has joined ##club-milehigh
2021-05-24T10:08:34  *** NoCode <NoCode!~NoCode@user/nocode> has quit IRC (Ping timeout: 264 seconds)
2021-05-24T11:21:09  *** NoDroid <NoDroid!sid278256@user/nocode> has quit IRC ()
2021-05-24T12:37:16  *** UniCode is now known as NoCode
2021-05-24T13:53:36  *** ubnot2` <ubnot2`!~limnoria@user/gav> has joined ##club-milehigh
2021-05-24T13:53:46  *** ubnot2` is now known as ubnot2
2021-05-24T14:00:07  *** NoCode <NoCode!~NoCode@user/nocode> has quit IRC (Ping timeout: 244 seconds)
2021-05-24T14:30:18  *** NoCode <NoCode!~NoCode@user/nocode> has joined ##club-milehigh
2021-05-24T14:33:10  *** NoCode <NoCode!~NoCode@user/nocode> has left ##club-milehigh
2021-05-25T02:22:23  *** gav <gav!~gingermou@user/gav> has quit IRC (*.net *.split)
2021-05-25T02:27:59  *** gav <gav!~gingermou@user/gav> has joined ##club-milehigh
2021-05-26T13:59:36  *** ubnot2 <ubnot2!~limnoria@user/gav> has joined ##club-milehigh
2021-05-26T15:28:14  <gav> Help alias
2021-05-26T15:28:19  <gav> !Help alias
2021-05-26T15:28:19  <ubnot2> gav: Error: There is no command "alias". However, 'Alias' is the name of a loaded plugin, and you may be able to find its help using 'plugin help Alias' and its provided commands using 'list Alias'.
2021-05-26T15:28:25  <gav> List alias
2021-05-26T15:28:28  <gav> !List alias
2021-05-26T15:28:28  <ubnot2> gav: 8ball, add, list, lock, remove, and unlock
2021-05-26T15:28:38  <gav> !help alias add
2021-05-26T15:28:38  <ubnot2> gav: (alias add <name> <command>) -- Defines an alias <name> that executes <command>. The <command> should be in the standard "command argument [nestedcommand argument]" arguments to the alias; they'll be filled with the first, second, etc. arguments. $1, $2, etc. can be used for required arguments. @1, @2, etc. can be used for optional arguments. $* simply means "all remaining arguments," and cannot be combined with optional arguments. 
2021-05-26T15:29:25  <gav> !alias add forget moobotfactoids remove $1
2021-05-26T15:29:25  <ubnot2> gav: The operation succeeded.
2021-05-26T15:34:18  <gav> !daftykins
2021-05-26T15:34:19  <ubnot2> I think you underestimated his care factor
2021-05-26T15:34:42  <gav> !forget daftykins
2021-05-26T15:34:42  <ubnot2> gav: The operation succeeded.
2021-05-26T15:35:01  <gav> ubnot2: daftykins is <reply>I think you overestimated his care factor
2021-05-26T15:35:02  <ubnot2> gav: The operation succeeded.
2021-05-26T16:10:56  <gav> Users list
2021-05-26T16:11:04  <gav> !users list
2021-05-26T16:11:05  <ubnot2> gav: Error: "users" is not a valid command.
2021-05-26T16:11:12  <gav> ubnot2: users list
2021-05-26T16:11:13  <ubnot2> gav: Error: "users" is not a valid command.
2021-05-26T16:11:19  <gav> ubnot2: user list
2021-05-26T19:19:56  <gav> !politics
2021-05-26T19:19:58  <ubnot2> politics is <deleted><reply> Please take political discussion to ##politics. Thank you!
2021-05-26T19:44:11  <gav> !pipetab
2021-05-26T19:44:12  <ubnot2> gav: Error: "pipetab" is not a valid command.
2021-05-26T20:13:29  <gav> !no
2021-05-26T20:13:29  <ubnot2> gav: Error: Missing an 'is' or '_is_'.
2021-05-26T20:14:03  <gav> !forget no
2021-05-26T20:14:03  <ubnot2> gav: Error: Factoid "no" not found.
2021-05-26T20:14:22  <gav> !no is <alias> milehigh
2021-05-26T20:14:22  <ubnot2> gav: Error: not enough values to unpack (expected 2, got 1)
2021-05-26T20:14:30  <gav> !milehigh
2021-05-26T20:14:31  <ubnot2> https://usercontent.irccloud-cdn.com/file/llbSrVdT/igYo70L.jpg
2021-05-26T20:14:44  <gav> !no is <reply> https://usercontent.irccloud-cdn.com/file/llbSrVdT/igYo70L.jpg
2021-05-26T20:14:44  <ubnot2> gav: Error: not enough values to unpack (expected 2, got 1)
2021-05-26T20:14:56  <gav> ubnot2: is <reply> https://usercontent.irccloud-cdn.com/file/llbSrVdT/igYo70L.jpg
2021-05-26T20:14:56  <ubnot2> gav: Error: not enough values to unpack (expected 2, got 1)
2021-05-26T20:15:02  <gav> ubnot2: no is <reply> https://usercontent.irccloud-cdn.com/file/llbSrVdT/igYo70L.jpg
2021-05-26T20:15:02  <ubnot2> gav: Error: not enough values to unpack (expected 2, got 1)
2021-05-27T01:03:52  <gav> !bedtime
2021-05-27T01:03:53  <ubnot2> It's bed, Jim.
2021-05-27T01:04:02  <gav> !forget bed
2021-05-27T01:04:02  <ubnot2> gav: The operation succeeded.
2021-05-27T01:04:21  <gav> !bed is <reply> It's bed, Jim.
2021-05-27T01:04:22  <ubnot2> gav: The operation succeeded.
2021-05-27T01:59:48  <gav> !whoami
2021-05-27T01:59:48  <ubnot2> gav: jeans
2021-05-27T02:41:24  <gav> !load success
2021-05-27T02:41:24  <ubnot2> gav: Error: Success is already loaded.
2021-05-27T02:41:28  <gav> list success
2021-05-27T02:41:34  <gav> !list success
2021-05-27T02:41:34  <ubnot2> gav: add, change, get, remove, search, and stats
2021-05-27T02:41:43  <gav> !success stats
2021-05-27T02:41:43  <ubnot2> gav: There are 0 successes in my database.
2021-05-27T10:40:36  <gav> !pipe
2021-05-27T10:40:37  <ubnot2> gav: Error: "pipe" is not a valid command.
2021-05-27T10:41:35  <gav> !pipe is <reply> Piping is now fully supported again! You can also pipe to multiple nicks. 
2021-05-27T10:41:36  <ubnot2> gav: The operation succeeded.
2021-05-27T10:42:53  <gav> !h00k
2021-05-27T10:42:54  <ubnot2> gav: Error: "h00k" is not a valid command.
2021-05-27T10:48:36  <gav> !alias list
2021-05-27T10:48:36  <ubnot2> gav: 8ball and forget
2021-05-27T10:48:46  <gav> !list alias
2021-05-27T10:48:46  <ubnot2> gav: 8ball, add, forget, list, lock, remove, and unlock
2021-05-27T10:49:00  <gav> !alias remove forget
2021-05-27T10:49:00  <ubnot2> gav: The operation succeeded.
2021-05-27T10:49:18  <gav> !alias add forget GavFactoids remove $1
2021-05-27T10:49:18  <ubnot2> gav: The operation succeeded.
2021-05-27T11:01:10  <gav> !list success
2021-05-27T11:01:10  <ubnot2> gav: add, change, get, remove, search, and stats
2021-05-27T11:01:36  <gav> !success add I don't know anything about that
2021-05-27T11:01:36  <ubnot2> gav: I don't know anything about that  Success #1 added.
2021-05-27T11:01:59  <gav> !success remove #1
2021-05-27T11:01:59  <ubnot2> gav: (success remove [<channel>] <id>) -- Removes the success with id <id> from the success database for <channel>. <channel> is only necessary if the message isn't sent in the channel itself. 
2021-05-27T11:02:07  <gav> !success remove 1
2021-05-27T11:02:07  <ubnot2> gav: The operation succeeded.
2021-05-27T11:02:28  <gav> !success add I am a legend
2021-05-27T11:02:28  <ubnot2> gav: I am a legend  Success #2 added.
2021-05-27T11:02:46  <gav> !success add skookum as frig
2021-05-27T11:02:46  <ubnot2> gav: skookum as frig  Success #3 added.
2021-05-27T11:04:15  <gav> !load
2021-05-27T11:04:15  <ubnot2> gav: (load [--deprecated] <plugin>) -- Loads the plugin <plugin> from any of the directories in conf.supybot.directories.plugins; usually this includes the main installed directory and 'plugins' in the current directory. --deprecated is necessary if you wish to load deprecated plugins. 
2021-05-27T11:04:24  <gav> !load dunno
2021-05-27T11:04:24  <ubnot2> gav: Error: Dunno is already loaded.
2021-05-27T11:05:17  <gav> !dunno add I don't know anything about that
2021-05-27T11:05:17  <ubnot2> gav: I am a legend  Dunno #1 added.
2021-05-27T11:05:46  <gav> !dunno add sorry, I'm kinda dumb
2021-05-27T11:05:46  <ubnot2> gav: I am a legend  Dunno #2 added.
2021-05-27T11:05:58  <gav> !Success remove 1
2021-05-27T11:05:58  <ubnot2> gav: Error: There is no Success with id #1 in my database for #.
2021-05-27T11:06:34  <gav> !list success
2021-05-27T11:06:34  <ubnot2> gav: add, change, get, remove, search, and stats
2021-05-27T11:06:44  <gav> !success get 1
2021-05-27T11:06:44  <ubnot2> gav: Error: There is no Success with id #1 in my database for #.
2021-05-27T11:08:04  <gav> !success search
2021-05-27T11:08:04  <ubnot2> gav: 2 found: #2: "I am a legend" and #3: "skookum as frig"
2021-05-27T11:08:20  <gav> !success remove 2
2021-05-27T11:08:20  <ubnot2> gav: skookum as frig
2021-05-27T11:21:34  <gav> !user list
2021-05-27T18:02:06  <gav> !spec
2021-05-27T18:02:07  <ubnot2> gav: I don't know anything about that
2021-05-28T08:22:32  <gav> !do-vaccines-have-microchips
2021-05-28T08:22:33  <ubnot2> gav: I don't know anything about that
2021-05-28T08:22:46  <gav> !do-vaccines-have-microchips is <reply> Nope!
2021-05-28T08:22:47  <ubnot2> gav: skookum as frig
2021-05-28T08:32:00  <gav> !tea
2021-05-28T08:32:01  <ubnot2> Tea, Earl Grey, Hot! --- https://www.youtube.com/watch?v=R2IJdfxWtPM
2021-05-28T10:10:35  <gav> !coffee
2021-05-28T10:10:36  <ubnot2> Time for coffee! http://i.imgur.com/54mOq.jpg, or <reply> https://i.imgur.com/zIoBz.jpg
2021-05-28T10:10:57  <gav> !forget coffee
2021-05-28T10:10:57  <ubnot2> gav: skookum as frig
2021-05-28T10:11:09  <gav> !coffee is <reply> Time for coffee! http://i.imgur.com/54mOq.jpg
2021-05-28T10:11:10  <ubnot2> gav: skookum as frig
2021-05-28T10:12:59  <gav> !coffee
2021-05-28T10:13:00  <ubnot2> Time for coffee! http://i.imgur.com/54mOq.jpg
2021-05-28T10:13:27  <gav> !coffeenao is <reply> https://i.imgur.com/zIoBz.jpg
2021-05-28T10:13:28  <ubnot2> gav: skookum as frig
2021-05-28T10:13:41  <gav> !coffeenow is <alias> coffeenao
2021-05-28T10:13:42  <ubnot2> gav: skookum as frig
2021-05-28T10:13:47  <gav> !coffeenow
2021-05-28T10:13:48  <ubnot2> https://i.imgur.com/zIoBz.jpg
2021-05-28T11:10:43  <gav> !emma
2021-05-28T11:10:43  <ubnot2> gav: I don't know anything about that
2021-05-28T11:10:46  <gav> !em
2021-05-28T11:10:47  <ubnot2> gav: sorry, I'm kinda dumb
2021-05-28T11:12:09  <gav> !forget gav
2021-05-28T11:12:09  <ubnot2> gav: skookum as frig
2021-05-28T11:12:13  <gav> !forget jeans
2021-05-28T11:12:13  <ubnot2> gav: skookum as frig
2021-05-28T11:12:24  <gav> !jeans is <reply> see !gav
2021-05-28T11:12:25  <ubnot2> gav: skookum as frig
2021-05-28T11:12:34  <gav> !gav is <reply> see !jeans
2021-05-28T11:12:35  <ubnot2> gav: skookum as frig
2021-05-28T11:12:38  <gav> !gav
2021-05-28T11:12:39  <ubnot2> see !jeans
2021-05-28T11:12:42  <gav> !jeans
2021-05-28T11:12:43  <ubnot2> see !gav
2021-05-29T22:10:52  <gav> !unity
2021-05-29T22:10:54  <ubnot2> unity is <deleted><reply>http://i.imgur.com/KvOuB.jpg
2021-05-29T22:11:08  <gav> !forget unity
2021-05-29T22:11:08  <ubnot2> gav: skookum as frig
2021-05-29T22:11:19  <gav> !unity is not that bad!
2021-05-29T22:11:20  <ubnot2> gav: skookum as frig
2021-05-29T22:16:27  <gav> !numberwang
2021-05-29T22:16:28  <ubnot2> gav: I don't know anything about that
2021-05-30T10:08:55  <gav> !isfreenodedead
2021-05-30T10:08:56  <ubnot2> gav: sorry, I'm kinda dumb
2021-05-30T10:09:10  <gav> !gavFactoids help
2021-05-30T10:09:11  <ubnot2> gav: sorry, I'm kinda dumb
2021-05-30T10:09:17  <gav> !list gavFactoids
2021-05-30T10:09:17  <ubnot2> gav: factinfo, listauth, listkeys, listvalues, literal, lock, most, random, remove, and unlock
2021-05-30T10:09:35  <gav> !help listkeys
2021-05-30T10:09:35  <ubnot2> gav: (listkeys [<channel>] <text>) -- Lists the keys of the factoids whose key contains the provided text. <channel> is only necessary if the message isn't sent in the channel itself. 
2021-05-30T10:09:47  <gav> !listkeys freenode
2021-05-30T10:09:47  <ubnot2> rip freenode ={
2021-05-30T10:10:43  <gav> !leenode
2021-05-30T10:10:44  <ubnot2> https://isfreenodedeadyet.com/
2021-05-30T10:10:57  <gav> !ripfreenode is <alias> leenode
2021-05-30T10:10:58  <ubnot2> gav: skookum as frig
2021-06-01T18:13:22  *** gav <gav!~gingermou@user/gav> has quit IRC (Quit: Bye)
2021-06-01T18:13:34  *** gav <gav!~gingermou@user/gav> has joined ##club-milehigh
